running egg_info
creating ../../build/qml_gui/qml_gui.egg-info
writing ../../build/qml_gui/qml_gui.egg-info/PKG-INFO
writing dependency_links to ../../build/qml_gui/qml_gui.egg-info/dependency_links.txt
writing entry points to ../../build/qml_gui/qml_gui.egg-info/entry_points.txt
writing requirements to ../../build/qml_gui/qml_gui.egg-info/requires.txt
writing top-level names to ../../build/qml_gui/qml_gui.egg-info/top_level.txt
writing manifest file '../../build/qml_gui/qml_gui.egg-info/SOURCES.txt'
reading manifest file '../../build/qml_gui/qml_gui.egg-info/SOURCES.txt'
writing manifest file '../../build/qml_gui/qml_gui.egg-info/SOURCES.txt'
running build
running build_py
creating /home/shawn/RC-Project/build/qml_gui/build
creating /home/shawn/RC-Project/build/qml_gui/build/lib
creating /home/shawn/RC-Project/build/qml_gui/build/lib/qml_gui
copying qml_gui/__init__.py -> /home/shawn/RC-Project/build/qml_gui/build/lib/qml_gui
copying qml_gui/main.py -> /home/shawn/RC-Project/build/qml_gui/build/lib/qml_gui
running install
running install_lib
creating /home/shawn/RC-Project/install/qml_gui/lib/python3.10/site-packages/qml_gui
copying /home/shawn/RC-Project/build/qml_gui/build/lib/qml_gui/__init__.py -> /home/shawn/RC-Project/install/qml_gui/lib/python3.10/site-packages/qml_gui
copying /home/shawn/RC-Project/build/qml_gui/build/lib/qml_gui/main.py -> /home/shawn/RC-Project/install/qml_gui/lib/python3.10/site-packages/qml_gui
byte-compiling /home/shawn/RC-Project/install/qml_gui/lib/python3.10/site-packages/qml_gui/__init__.py to __init__.cpython-310.pyc
byte-compiling /home/shawn/RC-Project/install/qml_gui/lib/python3.10/site-packages/qml_gui/main.py to main.cpython-310.pyc
running install_data
creating /home/shawn/RC-Project/install/qml_gui/share/ament_index
creating /home/shawn/RC-Project/install/qml_gui/share/ament_index/resource_index
creating /home/shawn/RC-Project/install/qml_gui/share/ament_index/resource_index/packages
copying resource/qml_gui -> /home/shawn/RC-Project/install/qml_gui/share/ament_index/resource_index/packages
copying package.xml -> /home/shawn/RC-Project/install/qml_gui/share/qml_gui
running install_egg_info
Copying ../../build/qml_gui/qml_gui.egg-info to /home/shawn/RC-Project/install/qml_gui/lib/python3.10/site-packages/qml_gui-0.0.0-py3.10.egg-info
running install_scripts
Installing qml_gui script to /home/shawn/RC-Project/install/qml_gui/lib/qml_gui
writing list of installed files to '/home/shawn/RC-Project/build/qml_gui/install.log'
