[0.293s] Invoking command in '/home/shawn/RC-Project/src/qml_gui': PYTHONPATH=/home/shawn/RC-Project/build/qml_gui/prefix_override:/usr/lib/python3/dist-packages/colcon_core/task/python/colcon_distutils_commands:/home/shawn/RC-Project/install/qml_gui/lib/python3.10/site-packages:${PYTHONPATH} /usr/bin/python3 -W ignore:setup.py install is deprecated -W ignore:easy_install command is deprecated setup.py egg_info --egg-base ../../build/qml_gui build --build-base /home/shawn/RC-Project/build/qml_gui/build install --record /home/shawn/RC-Project/build/qml_gui/install.log --single-version-externally-managed install_data
[0.398s] running egg_info
[0.398s] creating ../../build/qml_gui/qml_gui.egg-info
[0.399s] writing ../../build/qml_gui/qml_gui.egg-info/PKG-INFO
[0.399s] writing dependency_links to ../../build/qml_gui/qml_gui.egg-info/dependency_links.txt
[0.399s] writing entry points to ../../build/qml_gui/qml_gui.egg-info/entry_points.txt
[0.399s] writing requirements to ../../build/qml_gui/qml_gui.egg-info/requires.txt
[0.399s] writing top-level names to ../../build/qml_gui/qml_gui.egg-info/top_level.txt
[0.399s] writing manifest file '../../build/qml_gui/qml_gui.egg-info/SOURCES.txt'
[0.400s] reading manifest file '../../build/qml_gui/qml_gui.egg-info/SOURCES.txt'
[0.400s] writing manifest file '../../build/qml_gui/qml_gui.egg-info/SOURCES.txt'
[0.400s] running build
[0.400s] running build_py
[0.401s] creating /home/shawn/RC-Project/build/qml_gui/build
[0.401s] creating /home/shawn/RC-Project/build/qml_gui/build/lib
[0.401s] creating /home/shawn/RC-Project/build/qml_gui/build/lib/qml_gui
[0.401s] copying qml_gui/__init__.py -> /home/shawn/RC-Project/build/qml_gui/build/lib/qml_gui
[0.401s] copying qml_gui/main.py -> /home/shawn/RC-Project/build/qml_gui/build/lib/qml_gui
[0.413s] running install
[0.413s] running install_lib
[0.414s] creating /home/shawn/RC-Project/install/qml_gui/lib/python3.10/site-packages/qml_gui
[0.414s] copying /home/shawn/RC-Project/build/qml_gui/build/lib/qml_gui/__init__.py -> /home/shawn/RC-Project/install/qml_gui/lib/python3.10/site-packages/qml_gui
[0.414s] copying /home/shawn/RC-Project/build/qml_gui/build/lib/qml_gui/main.py -> /home/shawn/RC-Project/install/qml_gui/lib/python3.10/site-packages/qml_gui
[0.414s] byte-compiling /home/shawn/RC-Project/install/qml_gui/lib/python3.10/site-packages/qml_gui/__init__.py to __init__.cpython-310.pyc
[0.414s] byte-compiling /home/shawn/RC-Project/install/qml_gui/lib/python3.10/site-packages/qml_gui/main.py to main.cpython-310.pyc
[0.414s] running install_data
[0.414s] creating /home/shawn/RC-Project/install/qml_gui/share/ament_index
[0.415s] creating /home/shawn/RC-Project/install/qml_gui/share/ament_index/resource_index
[0.415s] creating /home/shawn/RC-Project/install/qml_gui/share/ament_index/resource_index/packages
[0.415s] copying resource/qml_gui -> /home/shawn/RC-Project/install/qml_gui/share/ament_index/resource_index/packages
[0.415s] copying package.xml -> /home/shawn/RC-Project/install/qml_gui/share/qml_gui
[0.415s] running install_egg_info
[0.416s] Copying ../../build/qml_gui/qml_gui.egg-info to /home/shawn/RC-Project/install/qml_gui/lib/python3.10/site-packages/qml_gui-0.0.0-py3.10.egg-info
[0.416s] running install_scripts
[0.429s] Installing qml_gui script to /home/shawn/RC-Project/install/qml_gui/lib/qml_gui
[0.429s] writing list of installed files to '/home/shawn/RC-Project/build/qml_gui/install.log'
[0.441s] Invoked command in '/home/shawn/RC-Project/src/qml_gui' returned '0': PYTHONPATH=/home/shawn/RC-Project/build/qml_gui/prefix_override:/usr/lib/python3/dist-packages/colcon_core/task/python/colcon_distutils_commands:/home/shawn/RC-Project/install/qml_gui/lib/python3.10/site-packages:${PYTHONPATH} /usr/bin/python3 -W ignore:setup.py install is deprecated -W ignore:easy_install command is deprecated setup.py egg_info --egg-base ../../build/qml_gui build --build-base /home/shawn/RC-Project/build/qml_gui/build install --record /home/shawn/RC-Project/build/qml_gui/install.log --single-version-externally-managed install_data
