running egg_info
writing ../../build/qml_gui/qml_gui.egg-info/PKG-INFO
writing dependency_links to ../../build/qml_gui/qml_gui.egg-info/dependency_links.txt
writing entry points to ../../build/qml_gui/qml_gui.egg-info/entry_points.txt
writing requirements to ../../build/qml_gui/qml_gui.egg-info/requires.txt
writing top-level names to ../../build/qml_gui/qml_gui.egg-info/top_level.txt
reading manifest file '../../build/qml_gui/qml_gui.egg-info/SOURCES.txt'
writing manifest file '../../build/qml_gui/qml_gui.egg-info/SOURCES.txt'
running build
running build_py
running install
running install_lib
running install_data
running install_egg_info
removing '/home/shawn/RC-Project/install/qml_gui/lib/python3.10/site-packages/qml_gui-0.0.0-py3.10.egg-info' (and everything under it)
error removing /home/shawn/RC-Project/install/qml_gui/lib/python3.10/site-packages/qml_gui-0.0.0-py3.10.egg-info: [Errno 13] Permission denied: '/home/shawn/RC-Project/install/qml_gui/lib/python3.10/site-packages/qml_gui-0.0.0-py3.10.egg-info/SOURCES.txt'
error removing /home/shawn/RC-Project/install/qml_gui/lib/python3.10/site-packages/qml_gui-0.0.0-py3.10.egg-info: [Errno 13] Permission denied: '/home/shawn/RC-Project/install/qml_gui/lib/python3.10/site-packages/qml_gui-0.0.0-py3.10.egg-info/entry_points.txt'
error removing /home/shawn/RC-Project/install/qml_gui/lib/python3.10/site-packages/qml_gui-0.0.0-py3.10.egg-info: [Errno 13] Permission denied: '/home/shawn/RC-Project/install/qml_gui/lib/python3.10/site-packages/qml_gui-0.0.0-py3.10.egg-info/PKG-INFO'
error removing /home/shawn/RC-Project/install/qml_gui/lib/python3.10/site-packages/qml_gui-0.0.0-py3.10.egg-info: [Errno 13] Permission denied: '/home/shawn/RC-Project/install/qml_gui/lib/python3.10/site-packages/qml_gui-0.0.0-py3.10.egg-info/dependency_links.txt'
error removing /home/shawn/RC-Project/install/qml_gui/lib/python3.10/site-packages/qml_gui-0.0.0-py3.10.egg-info: [Errno 13] Permission denied: '/home/shawn/RC-Project/install/qml_gui/lib/python3.10/site-packages/qml_gui-0.0.0-py3.10.egg-info/top_level.txt'
error removing /home/shawn/RC-Project/install/qml_gui/lib/python3.10/site-packages/qml_gui-0.0.0-py3.10.egg-info: [Errno 13] Permission denied: '/home/shawn/RC-Project/install/qml_gui/lib/python3.10/site-packages/qml_gui-0.0.0-py3.10.egg-info/requires.txt'
error removing /home/shawn/RC-Project/install/qml_gui/lib/python3.10/site-packages/qml_gui-0.0.0-py3.10.egg-info: [Errno 13] Permission denied: '/home/shawn/RC-Project/install/qml_gui/lib/python3.10/site-packages/qml_gui-0.0.0-py3.10.egg-info/zip-safe'
error removing /home/shawn/RC-Project/install/qml_gui/lib/python3.10/site-packages/qml_gui-0.0.0-py3.10.egg-info: [Errno 39] Directory not empty: '/home/shawn/RC-Project/install/qml_gui/lib/python3.10/site-packages/qml_gui-0.0.0-py3.10.egg-info'
error: [Errno 13] Permission denied: '/home/shawn/RC-Project/install/qml_gui/lib/python3.10/site-packages/qml_gui-0.0.0-py3.10.egg-info/SOURCES.txt'
Copying ../../build/qml_gui/qml_gui.egg-info to /home/shawn/RC-Project/install/qml_gui/lib/python3.10/site-packages/qml_gui-0.0.0-py3.10.egg-info
