[0.300s] Invoking command in '/home/shawn/RC-Project/src/qml_gui': PYTHONPATH=/home/shawn/RC-Project/build/qml_gui/prefix_override:/usr/lib/python3/dist-packages/colcon_core/task/python/colcon_distutils_commands:/home/shawn/RC-Project/install/qml_gui/lib/python3.10/site-packages:${PYTHONPATH} /usr/bin/python3 -W ignore:setup.py install is deprecated -W ignore:easy_install command is deprecated setup.py egg_info --egg-base ../../build/qml_gui build --build-base /home/shawn/RC-Project/build/qml_gui/build install --record /home/shawn/RC-Project/build/qml_gui/install.log --single-version-externally-managed install_data
[0.409s] running egg_info
[0.409s] writing ../../build/qml_gui/qml_gui.egg-info/PKG-INFO
[0.409s] writing dependency_links to ../../build/qml_gui/qml_gui.egg-info/dependency_links.txt
[0.409s] writing entry points to ../../build/qml_gui/qml_gui.egg-info/entry_points.txt
[0.410s] writing requirements to ../../build/qml_gui/qml_gui.egg-info/requires.txt
[0.410s] writing top-level names to ../../build/qml_gui/qml_gui.egg-info/top_level.txt
[0.411s] reading manifest file '../../build/qml_gui/qml_gui.egg-info/SOURCES.txt'
[0.411s] writing manifest file '../../build/qml_gui/qml_gui.egg-info/SOURCES.txt'
[0.411s] running build
[0.411s] running build_py
[0.411s] running install
[0.412s] running install_lib
[0.412s] running install_data
[0.412s] running install_egg_info
[0.413s] removing '/home/shawn/RC-Project/install/qml_gui/lib/python3.10/site-packages/qml_gui-0.0.0-py3.10.egg-info' (and everything under it)
[0.413s] Copying ../../build/qml_gui/qml_gui.egg-info to /home/shawn/RC-Project/install/qml_gui/lib/python3.10/site-packages/qml_gui-0.0.0-py3.10.egg-info
[0.414s] running install_scripts
[0.426s] Installing qml_gui script to /home/shawn/RC-Project/install/qml_gui/lib/qml_gui
[0.426s] writing list of installed files to '/home/shawn/RC-Project/build/qml_gui/install.log'
[0.438s] Invoked command in '/home/shawn/RC-Project/src/qml_gui' returned '0': PYTHONPATH=/home/shawn/RC-Project/build/qml_gui/prefix_override:/usr/lib/python3/dist-packages/colcon_core/task/python/colcon_distutils_commands:/home/shawn/RC-Project/install/qml_gui/lib/python3.10/site-packages:${PYTHONPATH} /usr/bin/python3 -W ignore:setup.py install is deprecated -W ignore:easy_install command is deprecated setup.py egg_info --egg-base ../../build/qml_gui build --build-base /home/shawn/RC-Project/build/qml_gui/build install --record /home/shawn/RC-Project/build/qml_gui/install.log --single-version-externally-managed install_data
